<?xml version="1.0" encoding="UTF-8"?>
<!-- Generated by org.testng.reporters.JUnitReportReporter -->
<testsuite hostname="Aney" failures="0" tests="1" name="com.OnlineEmart.ParameterTest" time="0.008" errors="0" timestamp="2023-06-21T11:17:33 IST" skipped="0">
  <testcase classname="com.OnlineEmart.ParameterTest" name="ParametersConfiguration" time="0.008"/>
  <system-out/>
</testsuite> <!-- com.OnlineEmart.ParameterTest -->
